<?xml version="1.0" encoding="UTF-8"?>
<!-- Generated by org.testng.reporters.JUnitXMLReporter -->
<testsuite ignored="0" hostname="LAPTOP-LIL66L1B" failures="1" tests="3" name="Command line test" time="0.034" errors="0" timestamp="2023-08-07T22:02:02 IST">
  <testcase classname="com.testng.demo.AppTest" name="test1" time="0.008"/>
  <testcase classname="com.testng.demo.AppTest" name="test2" time="0.0"/>
  <testcase classname="com.testng.demo.ParameterizedTest" name="parameterTest" time="0.0">
    <failure type="org.testng.TestNGException" message="
Parameter &amp;apos;browser&amp;apos; is required by @Test on method parameterTest but has not been marked @Optional or defined
">
      <![CDATA[org.testng.TestNGException: 
Parameter 'browser' is required by @Test on method parameterTest but has not been marked @Optional or defined

at java.base/java.util.ArrayList.forEach(ArrayList.java:1511)
... Removed 34 stack frames]]>
    </failure>
  </testcase> <!-- parameterTest -->
</testsuite> <!-- Command line test -->
